<?xml version="1.0" encoding="UTF-8"?>
<!-- Generated by org.testng.reporters.JUnitXMLReporter -->
<testsuite ignored="4" hostname="Manjushree" failures="0" tests="3" name="Login" time="24.922" errors="0" timestamp="15 Sep 2020 06:30:18 GMT">
  <testcase classname="com.qa.clearpc.Login.LoginPageTest" name="@BeforeTest setUp" time="0.0">
    <failure type="org.openqa.selenium.SessionNotCreatedException" message="session not created: This version of ChromeDriver only supports Chrome version 83
Build info: version: &amp;apos;3.141.59&amp;apos;, revision: &amp;apos;e82be7d358&amp;apos;, time: &amp;apos;2018-11-14T08:17:03&amp;apos;
System info: host: &amp;apos;MANJUSHREE&amp;apos;, ip: &amp;apos;10.45.96.69&amp;apos;, os.name: &amp;apos;Windows 8.1&amp;apos;, os.arch: &amp;apos;amd64&amp;apos;, os.version: &amp;apos;6.3&amp;apos;, java.version: &amp;apos;11.0.6&amp;apos;
Driver info: driver.version: ChromeDriver
remote stacktrace: Backtrace:
	Ordinal0 [0x015C9563+2725219]
	Ordinal0 [0x014C8551+1672529]
	Ordinal0 [0x013B0359+525145]
	Ordinal0 [0x01340B77+68471]
	Ordinal0 [0x0133D32C+54060]
	Ordinal0 [0x0135CC37+183351]
	Ordinal0 [0x0135CA3D+182845]
	Ordinal0 [0x0135A94B+174411]
	Ordinal0 [0x01342528+75048]
	Ordinal0 [0x013435A0+79264]
	Ordinal0 [0x01343539+79161]
	Ordinal0 [0x014DD607+1758727]
	GetHandleVerifier [0x016E6546+1050150]
	GetHandleVerifier [0x016E6291+1049457]
	GetHandleVerifier [0x016F10D7+1094071]
	GetHandleVerifier [0x016E6B46+1051686]
	Ordinal0 [0x014D5B06+1727238]
	Ordinal0 [0x014DEB7B+1764219]
	Ordinal0 [0x014DECE3+1764579]
	Ordinal0 [0x014F4C05+1854469]
	BaseThreadInitThunk [0x77336A14+36]
	RtlInitializeExceptionChain [0x77DDAB4F+143]
	RtlInitializeExceptionChain [0x77DDAB1A+90]
">
      <![CDATA[org.openqa.selenium.SessionNotCreatedException: session not created: This version of ChromeDriver only supports Chrome version 83
Build info: version: '3.141.59', revision: 'e82be7d358', time: '2018-11-14T08:17:03'
System info: host: 'MANJUSHREE', ip: '10.45.96.69', os.name: 'Windows 8.1', os.arch: 'amd64', os.version: '6.3', java.version: '11.0.6'
Driver info: driver.version: ChromeDriver
remote stacktrace: Backtrace:
	Ordinal0 [0x015C9563+2725219]
	Ordinal0 [0x014C8551+1672529]
	Ordinal0 [0x013B0359+525145]
	Ordinal0 [0x01340B77+68471]
	Ordinal0 [0x0133D32C+54060]
	Ordinal0 [0x0135CC37+183351]
	Ordinal0 [0x0135CA3D+182845]
	Ordinal0 [0x0135A94B+174411]
	Ordinal0 [0x01342528+75048]
	Ordinal0 [0x013435A0+79264]
	Ordinal0 [0x01343539+79161]
	Ordinal0 [0x014DD607+1758727]
	GetHandleVerifier [0x016E6546+1050150]
	GetHandleVerifier [0x016E6291+1049457]
	GetHandleVerifier [0x016F10D7+1094071]
	GetHandleVerifier [0x016E6B46+1051686]
	Ordinal0 [0x014D5B06+1727238]
	Ordinal0 [0x014DEB7B+1764219]
	Ordinal0 [0x014DECE3+1764579]
	Ordinal0 [0x014F4C05+1854469]
	BaseThreadInitThunk [0x77336A14+36]
	RtlInitializeExceptionChain [0x77DDAB4F+143]
	RtlInitializeExceptionChain [0x77DDAB1A+90]

	at org.openqa.selenium.remote.W3CHandshakeResponse.lambda$errorHandler$0(W3CHandshakeResponse.java:62)
	at org.openqa.selenium.remote.HandshakeResponse.lambda$getResponseFunction$0(HandshakeResponse.java:30)
	at org.openqa.selenium.remote.ProtocolHandshake.lambda$createSession$0(ProtocolHandshake.java:126)
	at java.base/java.util.stream.ReferencePipeline$3$1.accept(ReferencePipeline.java:195)
	at java.base/java.util.Spliterators$ArraySpliterator.tryAdvance(Spliterators.java:958)
	at java.base/java.util.stream.ReferencePipeline.forEachWithCancel(ReferencePipeline.java:127)
	at java.base/java.util.stream.AbstractPipeline.copyIntoWithCancel(AbstractPipeline.java:502)
	at java.base/java.util.stream.AbstractPipeline.copyInto(AbstractPipeline.java:488)
	at java.base/java.util.stream.AbstractPipeline.wrapAndCopyInto(AbstractPipeline.java:474)
	at java.base/java.util.stream.FindOps$FindOp.evaluateSequential(FindOps.java:150)
	at java.base/java.util.stream.AbstractPipeline.evaluate(AbstractPipeline.java:234)
	at java.base/java.util.stream.ReferencePipeline.findFirst(ReferencePipeline.java:543)
	at org.openqa.selenium.remote.ProtocolHandshake.createSession(ProtocolHandshake.java:128)
	at org.openqa.selenium.remote.ProtocolHandshake.createSession(ProtocolHandshake.java:74)
	at org.openqa.selenium.remote.HttpCommandExecutor.execute(HttpCommandExecutor.java:136)
	at org.openqa.selenium.remote.service.DriverCommandExecutor.execute(DriverCommandExecutor.java:83)
	at org.openqa.selenium.remote.RemoteWebDriver.execute(RemoteWebDriver.java:552)
	at org.openqa.selenium.remote.RemoteWebDriver.startSession(RemoteWebDriver.java:213)
	at org.openqa.selenium.remote.RemoteWebDriver.<init>(RemoteWebDriver.java:131)
	at org.openqa.selenium.chrome.ChromeDriver.<init>(ChromeDriver.java:181)
	at org.openqa.selenium.chrome.ChromeDriver.<init>(ChromeDriver.java:168)
	at org.openqa.selenium.chrome.ChromeDriver.<init>(ChromeDriver.java:157)
	at com.qa.clearpc.BaseClass.BaseClass.loadPortal(BaseClass.java:175)
	at com.qa.clearpc.Login.LoginPageTest.setUp(LoginPageTest.java:34)
... Removed 28 stack frames]]>
    </failure>
  </testcase> <!-- @BeforeTest setUp -->
  <testcase classname="com.qa.clearpc.Login.LogoutTest" name="@BeforeMethod setup" time="0.0">
    <skipped/>
  </testcase> <!-- @BeforeMethod setup -->
  <testcase classname="com.qa.clearpc.Login.LogoutTest" name="@AfterMethod tearDown" time="0.0">
    <skipped/>
  </testcase> <!-- @AfterMethod tearDown -->
  <testcase classname="com.qa.clearpc.Login.LogoutTest" name="@BeforeMethod setup" time="0.0">
    <skipped/>
  </testcase> <!-- @BeforeMethod setup -->
  <testcase classname="com.qa.clearpc.Login.LogoutTest" name="@AfterMethod tearDown" time="0.0">
    <skipped/>
  </testcase> <!-- @AfterMethod tearDown -->
  <testcase classname="com.qa.clearpc.Login.LoginPageTest" name="@AfterTest tearDown" time="0.0">
    <skipped/>
  </testcase> <!-- @AfterTest tearDown -->
  <testcase classname="com.qa.clearpc.Login.LogoutTest" name="validateLogoutFunctionality" time="0.002">
    <skipped/>
  </testcase> <!-- validateLogoutFunctionality -->
  <testcase classname="com.qa.clearpc.Login.LoginPageTest" name="validateLogin" time="0.002">
    <skipped/>
  </testcase> <!-- validateLogin -->
  <testcase classname="com.qa.clearpc.Login.LogoutTest" name="check" time="0.001">
    <skipped/>
  </testcase> <!-- check -->
  <testcase classname="com.qa.clearpc.BaseClass.BaseClass" name="@AfterSuite endSuite" time="0.0">
    <ignored/>
  </testcase> <!-- @AfterSuite endSuite -->
  <testcase classname="com.qa.clearpc.Login.LoginPageTest" name="validateLoginForInvalidData" time="0.0">
    <ignored/>
  </testcase> <!-- validateLoginForInvalidData -->
  <testcase classname="com.qa.clearpc.BaseClass.BaseClass" name="@BeforeSuite BeforesuiteSetup" time="0.0">
    <ignored/>
  </testcase> <!-- @BeforeSuite BeforesuiteSetup -->
  <testcase classname="com.qa.clearpc.BaseClass.BaseClass" name="@BeforeTest initialisation" time="0.0">
    <ignored/>
  </testcase> <!-- @BeforeTest initialisation -->
</testsuite> <!-- Login -->
