<?xml version="1.0" encoding="UTF-8"?>
<!-- Generated by org.testng.reporters.JUnitXMLReporter -->
<testsuite ignored="6" hostname="PFTBLR-RMZ-021" failures="0" tests="6" name="Default test" time="0.718" errors="0" timestamp="27 Oct 2020 06:05:37 GMT">
  <testcase classname="com.qa.clearpc.BaseClass.BaseClass" name="@BeforeSuite BeforesuiteSetup" time="0.0">
    <failure type="org.testng.TestNGException" message="
Parameter &amp;apos;tenant&amp;apos; is required by BeforeSuite on method BeforesuiteSetup but has not been marked @Optional or defined
in C:\Users\shilpashree.k\AppData\Local\Temp\testng-eclipse-35209063\testng-customsuite.xml">
      <![CDATA[org.testng.TestNGException: 
Parameter 'tenant' is required by BeforeSuite on method BeforesuiteSetup but has not been marked @Optional or defined
in C:\Users\shilpashree.k\AppData\Local\Temp\testng-eclipse-35209063\testng-customsuite.xml
	at org.testng.internal.Parameters.createParameters(Parameters.java:199)
	at org.testng.internal.Parameters.createParameters(Parameters.java:443)
	at org.testng.internal.Parameters.createConfigurationParameters(Parameters.java:118)
	at org.testng.internal.Invoker.invokeConfigurations(Invoker.java:203)
	at org.testng.internal.Invoker.invokeConfigurations(Invoker.java:144)
	at org.testng.SuiteRunner.privateRun(SuiteRunner.java:326)
	at org.testng.SuiteRunner.run(SuiteRunner.java:289)
	at org.testng.SuiteRunnerWorker.runSuite(SuiteRunnerWorker.java:52)
	at org.testng.SuiteRunnerWorker.run(SuiteRunnerWorker.java:86)
	at org.testng.TestNG.runSuitesSequentially(TestNG.java:1293)
	at org.testng.TestNG.runSuitesLocally(TestNG.java:1218)
	at org.testng.TestNG.runSuites(TestNG.java:1133)
	at org.testng.TestNG.run(TestNG.java:1104)
	at org.testng.remote.AbstractRemoteTestNG.run(AbstractRemoteTestNG.java:115)
	at org.testng.remote.RemoteTestNG.initAndRun(RemoteTestNG.java:251)
	at org.testng.remote.RemoteTestNG.main(RemoteTestNG.java:77)
]]>
    </failure>
  </testcase> <!-- @BeforeSuite BeforesuiteSetup -->
  <testcase classname="com.qa.clearpc.BaseClass.BaseClass" name="@BeforeTest initialisation" time="0.0">
    <failure type="java.lang.NullPointerException">
      <![CDATA[java.lang.NullPointerException
	at com.qa.clearpc.utility.ConfigUtils.getConfigData(ConfigUtils.java:39)
	at com.qa.clearpc.BaseClass.BaseClass.initialisation(BaseClass.java:105)
	at java.base/jdk.internal.reflect.NativeMethodAccessorImpl.invoke0(Native Method)
	at java.base/jdk.internal.reflect.NativeMethodAccessorImpl.invoke(NativeMethodAccessorImpl.java:62)
	at java.base/jdk.internal.reflect.DelegatingMethodAccessorImpl.invoke(DelegatingMethodAccessorImpl.java:43)
	at java.base/java.lang.reflect.Method.invoke(Method.java:567)
	at org.testng.internal.MethodInvocationHelper.invokeMethod(MethodInvocationHelper.java:104)
	at org.testng.internal.Invoker.invokeConfigurationMethod(Invoker.java:515)
	at org.testng.internal.Invoker.invokeConfigurations(Invoker.java:217)
	at org.testng.internal.Invoker.invokeConfigurations(Invoker.java:144)
	at org.testng.TestRunner.beforeRun(TestRunner.java:634)
	at org.testng.TestRunner.run(TestRunner.java:602)
	at org.testng.SuiteRunner.runTest(SuiteRunner.java:387)
	at org.testng.SuiteRunner.runSequentially(SuiteRunner.java:382)
	at org.testng.SuiteRunner.privateRun(SuiteRunner.java:340)
	at org.testng.SuiteRunner.run(SuiteRunner.java:289)
	at org.testng.SuiteRunnerWorker.runSuite(SuiteRunnerWorker.java:52)
	at org.testng.SuiteRunnerWorker.run(SuiteRunnerWorker.java:86)
	at org.testng.TestNG.runSuitesSequentially(TestNG.java:1293)
	at org.testng.TestNG.runSuitesLocally(TestNG.java:1218)
	at org.testng.TestNG.runSuites(TestNG.java:1133)
	at org.testng.TestNG.run(TestNG.java:1104)
	at org.testng.remote.AbstractRemoteTestNG.run(AbstractRemoteTestNG.java:115)
	at org.testng.remote.RemoteTestNG.initAndRun(RemoteTestNG.java:251)
	at org.testng.remote.RemoteTestNG.main(RemoteTestNG.java:77)
]]>
    </failure>
  </testcase> <!-- @BeforeTest initialisation -->
  <testcase classname="com.qa.clearpc.search.Search_pageTest" name="@BeforeTest setUp" time="0.0">
    <skipped/>
  </testcase> <!-- @BeforeTest setUp -->
  <testcase classname="com.qa.clearpc.search.Search_pageTest" name="@AfterTest tearDown" time="0.0">
    <skipped/>
  </testcase> <!-- @AfterTest tearDown -->
  <testcase classname="com.qa.clearpc.search.Search_pageTest" name="performSearchWithinOrganisation" time="0.0">
    <skipped/>
  </testcase> <!-- performSearchWithinOrganisation -->
  <testcase classname="com.qa.clearpc.search.Search_pageTest" name="performSearchWithinOrganisation" time="0.0">
    <skipped/>
  </testcase> <!-- performSearchWithinOrganisation -->
  <testcase classname="com.qa.clearpc.search.Search_pageTest" name="performSearchWithinOrganisation" time="0.0">
    <skipped/>
  </testcase> <!-- performSearchWithinOrganisation -->
  <testcase classname="com.qa.clearpc.search.Search_pageTest" name="performSearchWithinOrganisation" time="0.0">
    <skipped/>
  </testcase> <!-- performSearchWithinOrganisation -->
  <testcase classname="com.qa.clearpc.search.Search_pageTest" name="performSearchWithinOrganisation" time="0.0">
    <skipped/>
  </testcase> <!-- performSearchWithinOrganisation -->
  <testcase classname="com.qa.clearpc.search.Search_pageTest" name="performSearchWithinOrganisation" time="0.0">
    <skipped/>
  </testcase> <!-- performSearchWithinOrganisation -->
  <testcase classname="com.qa.clearpc.search.Search_pageTest" name="validateGridAssetView" time="0.0">
    <ignored/>
  </testcase> <!-- validateGridAssetView -->
  <testcase classname="com.qa.clearpc.search.Search_pageTest" name="validateDetailedAssetView" time="0.0">
    <ignored/>
  </testcase> <!-- validateDetailedAssetView -->
  <testcase classname="com.qa.clearpc.search.Search_pageTest" name="validateListAssetView" time="0.0">
    <ignored/>
  </testcase> <!-- validateListAssetView -->
  <testcase classname="com.qa.clearpc.search.Search_pageTest" name="validateSearchForInvalidData" time="0.0">
    <ignored/>
  </testcase> <!-- validateSearchForInvalidData -->
  <testcase classname="com.qa.clearpc.search.Search_pageTest" name="ValidateSearchTipsMessageIsDispalyed" time="0.0">
    <ignored/>
  </testcase> <!-- ValidateSearchTipsMessageIsDispalyed -->
  <testcase classname="com.qa.clearpc.search.Search_pageTest" name="validateAutosuggetionsForAdvancedSearch" time="0.0">
    <ignored/>
  </testcase> <!-- validateAutosuggetionsForAdvancedSearch -->
</testsuite> <!-- Default test -->
