<!DOCTYPE html PUBLIC "-//W3C//DTD XHTML 1.1//EN" "http://www.w3.org/TR/xhtml11/DTD/xhtml11.dtd">
<html xmlns="http://www.w3.org/1999/xhtml"><head><title>TestNG Report</title><style type="text/css">table {margin-bottom:10px;border-collapse:collapse;empty-cells:show}th,td {border:1px solid #009;padding:.25em .5em}th {vertical-align:bottom}td {vertical-align:top}table a {font-weight:bold}.stripe td {background-color: #E6EBF9}.num {text-align:right}.passedodd td {background-color: #3F3}.passedeven td {background-color: #0A0}.skippedodd td {background-color: #DDD}.skippedeven td {background-color: #CCC}.failedodd td,.attn {background-color: #F33}.failedeven td,.stripe .attn {background-color: #D00}.stacktrace {white-space:pre;font-family:monospace}.totop {font-size:85%;text-align:center;border-bottom:2px solid #000}</style></head><body><table><tr><th>Test</th><th># Passed</th><th># Skipped</th><th># Failed</th><th>Time (ms)</th><th>Included Groups</th><th>Excluded Groups</th></tr><tr><th colspan="7">Share Module</th></tr><tr><td><a href="#t0">ShareLink</a></td><td class="num">0</td><td class="num">0</td><td class="num attn">4</td><td class="num">268,331</td><td></td><td></td></tr><tr><th colspan="7">Search Module</th></tr><tr class="stripe"><td><a href="#t1">Search</a></td><td class="num">11</td><td class="num">0</td><td class="num attn">2</td><td class="num">275,865</td><td></td><td></td></tr><tr><th colspan="7">Filters Module</th></tr><tr><td><a href="#t2">Filters</a></td><td class="num">2</td><td class="num">0</td><td class="num">0</td><td class="num">127,701</td><td></td><td></td></tr><tr><th colspan="7">Action Module</th></tr><tr class="stripe"><td><a href="#t3">Action</a></td><td class="num">2</td><td class="num">0</td><td class="num attn">4</td><td class="num">345,210</td><td></td><td></td></tr><tr><th colspan="7">Turner Suite</th></tr><tr><th colspan="7">Login Module</th></tr><tr><td><a href="#t4">Login</a></td><td class="num">3</td><td class="num">0</td><td class="num">0</td><td class="num">80,163</td><td></td><td></td></tr><tr><th>Total</th><th class="num">18</th><th class="num">0</th><th class="num attn">10</th><th class="num">1,097,270</th><th colspan="2"></th></tr></table><table><thead><tr><th>Class</th><th>Method</th><th>Start</th><th>Time (ms)</th></tr></thead><tbody><tr><th colspan="4">Share Module</th></tr></tbody><tbody id="t0"><tr><th colspan="4">ShareLink &#8212; failed</th></tr><tr class="failedeven"><td rowspan="4">com.qa.clearpc.shareLink.ShareLinkTest</td><td><a href="#m0">validateShareLinkFunctionality</a></td><td rowspan="1">1616997855705</td><td rowspan="1">67389</td></tr><tr class="failedeven"><td><a href="#m1">validateSharePopUp</a></td><td rowspan="1">1616997682476</td><td rowspan="1">37128</td></tr><tr class="failedeven"><td><a href="#m2">validateSuccessMessageaUponCopyingShareLink</a></td><td rowspan="2">1616997719997</td><td rowspan="2">67318</td></tr><tr class="failedeven"><td><a href="#m3">validateSuccessMessageaUponCopyingShareLink</a></td></tr></tbody><tbody><tr><th colspan="4">Search Module</th></tr></tbody><tbody id="t1"><tr><th colspan="4">Search &#8212; failed</th></tr><tr class="failedeven"><td rowspan="2">com.qa.clearpc.search.Search_pageTest</td><td><a href="#m4">performSearchWithinOrganisation</a></td><td rowspan="2">1616997037483</td><td rowspan="2">18559</td></tr><tr class="failedeven"><td><a href="#m5">performSearchWithinOrganisation</a></td></tr><tr><th colspan="4">Search &#8212; passed</th></tr><tr class="passedeven"><td rowspan="11">com.qa.clearpc.search.Search_pageTest</td><td><a href="#m6">ValidateSearchTipsMessageIsDispalyed</a></td><td rowspan="1">1616996929284</td><td rowspan="1">11103</td></tr><tr class="passedeven"><td><a href="#m7">performSearchWithinOrganisation</a></td><td rowspan="5">1616996940765</td><td rowspan="5">22106</td></tr><tr class="passedeven"><td><a href="#m8">performSearchWithinOrganisation</a></td></tr><tr class="passedeven"><td><a href="#m9">performSearchWithinOrganisation</a></td></tr><tr class="passedeven"><td><a href="#m10">performSearchWithinOrganisation</a></td></tr><tr class="passedeven"><td><a href="#m11">performSearchWithinOrganisation</a></td></tr><tr class="passedeven"><td><a href="#m12">validateAutosuggetionsForAdvancedSearch</a></td><td rowspan="1">1616997119310</td><td rowspan="1">10647</td></tr><tr class="passedeven"><td><a href="#m13">validateDetailedAssetView</a></td><td rowspan="1">1616997163086</td><td rowspan="1">16767</td></tr><tr class="passedeven"><td><a href="#m14">validateGridAssetView</a></td><td rowspan="1">1616997130305</td><td rowspan="1">15859</td></tr><tr class="passedeven"><td><a href="#m15">validateListAssetView</a></td><td rowspan="1">1616997146501</td><td rowspan="1">16278</td></tr><tr class="passedeven"><td><a href="#m16">validateSearchForInvalidData</a></td><td rowspan="1">1616997075393</td><td rowspan="1">43568</td></tr></tbody><tbody><tr><th colspan="4">Filters Module</th></tr></tbody><tbody id="t2"><tr><th colspan="4">Filters &#8212; passed</th></tr><tr class="passedeven"><td rowspan="2">com.qa.clearpc.search.FilterPageTest</td><td><a href="#m17">validateAllFilterOptionsAreDisplayed</a></td><td rowspan="1">1616997205573</td><td rowspan="1">11758</td></tr><tr class="passedeven"><td><a href="#m18">validateCategoriesFilterTypeResults</a></td><td rowspan="1">1616997217664</td><td rowspan="1">90904</td></tr></tbody><tbody><tr><th colspan="4">Action Module</th></tr></tbody><tbody id="t3"><tr><th colspan="4">Action &#8212; failed</th></tr><tr class="failedeven"><td rowspan="4">com.qa.clearpc.Library.ActionPageTest</td><td><a href="#m19">validateCopiedAssetInDestFolder</a></td><td rowspan="1">1616997431148</td><td rowspan="1">44348</td></tr><tr class="failedeven"><td><a href="#m20">validateMoveFunctionality</a></td><td rowspan="1">1616997475825</td><td rowspan="1">67642</td></tr><tr class="failedeven"><td><a href="#m21">validateRenameFunctionality</a></td><td rowspan="1">1616997543782</td><td rowspan="1">67828</td></tr><tr class="failedeven"><td><a href="#m22">validateRenamedAssetSearchResult</a></td><td rowspan="1">1616997611933</td><td rowspan="1">41864</td></tr><tr><th colspan="4">Action &#8212; passed</th></tr><tr class="passedeven"><td rowspan="2">com.qa.clearpc.Library.ActionPageTest</td><td><a href="#m23">validateCopyAssetPopUpDisplayed</a></td><td rowspan="1">1616997333414</td><td rowspan="1">23652</td></tr><tr class="passedeven"><td><a href="#m24">validateCopyFunctionality</a></td><td rowspan="1">1616997357436</td><td rowspan="1">73291</td></tr></tbody><tbody><tr><th colspan="4">Turner Suite</th></tr></tbody><tbody><tr><th colspan="4">Login Module</th></tr></tbody><tbody id="t4"><tr><th colspan="4">Login &#8212; passed</th></tr><tr class="passedeven"><td rowspan="3">com.qa.clearpc.Login.LoginPageTest</td><td><a href="#m25">ValidateloginToPortal</a></td><td rowspan="1">1616996843730</td><td rowspan="1">17843</td></tr><tr class="passedeven"><td><a href="#m26">validateLoginForInvalidData</a></td><td rowspan="1">1616996869582</td><td rowspan="1">33402</td></tr><tr class="passedeven"><td><a href="#m27">validateLogout</a></td><td rowspan="1">1616996862304</td><td rowspan="1">6777</td></tr></tbody></table><h2>ShareLink</h2><h3 id="m0">com.qa.clearpc.shareLink.ShareLinkTest#validateShareLinkFunctionality</h3><table class="result"><tr><th>Exception</th></tr><tr><td><div class="stacktrace">org.openqa.selenium.NoSuchElementException: no such element: Unable to locate element: {&quot;method&quot;:&quot;xpath&quot;,&quot;selector&quot;:&quot;//div[@id=&quot;LibraryBrowseTree&quot;]/div/div[1]/div[3]/div/span&quot;}
  (Session info: chrome=89.0.4389.90)
For documentation on this error, please visit: https://www.seleniumhq.org/exceptions/no_such_element.html
Build info: version: &apos;3.141.59&apos;, revision: &apos;e82be7d358&apos;, time: &apos;2018-11-14T08:17:03&apos;
System info: host: &apos;PFTBLR-RMZ-021&apos;, ip: &apos;10.1.176.221&apos;, os.name: &apos;Windows 10&apos;, os.arch: &apos;amd64&apos;, os.version: &apos;10.0&apos;, java.version: &apos;12.0.2&apos;
Driver info: org.openqa.selenium.chrome.ChromeDriver
Capabilities {acceptInsecureCerts: false, browserName: chrome, browserVersion: 89.0.4389.90, chrome: {chromedriverVersion: 89.0.4389.23 (61b08ee2c5002..., userDataDir: D:\automationPULLprojects\C...}, goog:chromeOptions: {debuggerAddress: localhost:65180}, javascriptEnabled: true, networkConnectionEnabled: false, pageLoadStrategy: normal, platform: WINDOWS, platformName: WINDOWS, proxy: Proxy(), setWindowRect: true, strictFileInteractability: false, timeouts: {implicit: 0, pageLoad: 300000, script: 30000}, unhandledPromptBehavior: accept, webauthn:extension:largeBlob: true, webauthn:virtualAuthenticators: true}
Session ID: 8ee296a94ac5035989526ae25ce4daac
*** Element info: {Using=xpath, value=//div[@id=&quot;LibraryBrowseTree&quot;]/div/div[1]/div[3]/div/span}
	at org.openqa.selenium.remote.http.W3CHttpResponseCodec.createException(W3CHttpResponseCodec.java:187)
	at org.openqa.selenium.remote.http.W3CHttpResponseCodec.decode(W3CHttpResponseCodec.java:122)
	at org.openqa.selenium.remote.http.W3CHttpResponseCodec.decode(W3CHttpResponseCodec.java:49)
	at org.openqa.selenium.remote.HttpCommandExecutor.execute(HttpCommandExecutor.java:158)
	at org.openqa.selenium.remote.service.DriverCommandExecutor.execute(DriverCommandExecutor.java:83)
	at org.openqa.selenium.remote.RemoteWebDriver.execute(RemoteWebDriver.java:552)
	at org.openqa.selenium.remote.RemoteWebDriver.findElement(RemoteWebDriver.java:323)
	at org.openqa.selenium.remote.RemoteWebDriver.findElementByXPath(RemoteWebDriver.java:428)
	at org.openqa.selenium.By$ByXPath.findElement(By.java:353)
	at org.openqa.selenium.remote.RemoteWebDriver.findElement(RemoteWebDriver.java:315)
	at com.qa.clearpc.pages.SearchPage.selectTestFolder(SearchPage.java:397)
	at com.qa.clearpc.shareLink.ShareLinkTest.validateShareLinkFunctionality(ShareLinkTest.java:101)
... Removed 30 stack frames</div></td></tr></table><p class="totop"><a href="#summary">back to summary</a></p><h3 id="m1">com.qa.clearpc.shareLink.ShareLinkTest#validateSharePopUp</h3><table class="result"><tr><th>Exception</th></tr><tr><td><div class="stacktrace">org.openqa.selenium.NoSuchElementException: no such element: Unable to locate element: {&quot;method&quot;:&quot;xpath&quot;,&quot;selector&quot;:&quot;//div[@id=&quot;LibraryBrowseTree&quot;]/div/div[1]/div[3]/div/span&quot;}
  (Session info: chrome=89.0.4389.90)
For documentation on this error, please visit: https://www.seleniumhq.org/exceptions/no_such_element.html
Build info: version: &apos;3.141.59&apos;, revision: &apos;e82be7d358&apos;, time: &apos;2018-11-14T08:17:03&apos;
System info: host: &apos;PFTBLR-RMZ-021&apos;, ip: &apos;10.1.176.221&apos;, os.name: &apos;Windows 10&apos;, os.arch: &apos;amd64&apos;, os.version: &apos;10.0&apos;, java.version: &apos;12.0.2&apos;
Driver info: org.openqa.selenium.chrome.ChromeDriver
Capabilities {acceptInsecureCerts: false, browserName: chrome, browserVersion: 89.0.4389.90, chrome: {chromedriverVersion: 89.0.4389.23 (61b08ee2c5002..., userDataDir: D:\automationPULLprojects\C...}, goog:chromeOptions: {debuggerAddress: localhost:65180}, javascriptEnabled: true, networkConnectionEnabled: false, pageLoadStrategy: normal, platform: WINDOWS, platformName: WINDOWS, proxy: Proxy(), setWindowRect: true, strictFileInteractability: false, timeouts: {implicit: 0, pageLoad: 300000, script: 30000}, unhandledPromptBehavior: accept, webauthn:extension:largeBlob: true, webauthn:virtualAuthenticators: true}
Session ID: 8ee296a94ac5035989526ae25ce4daac
*** Element info: {Using=xpath, value=//div[@id=&quot;LibraryBrowseTree&quot;]/div/div[1]/div[3]/div/span}
	at org.openqa.selenium.remote.http.W3CHttpResponseCodec.createException(W3CHttpResponseCodec.java:187)
	at org.openqa.selenium.remote.http.W3CHttpResponseCodec.decode(W3CHttpResponseCodec.java:122)
	at org.openqa.selenium.remote.http.W3CHttpResponseCodec.decode(W3CHttpResponseCodec.java:49)
	at org.openqa.selenium.remote.HttpCommandExecutor.execute(HttpCommandExecutor.java:158)
	at org.openqa.selenium.remote.service.DriverCommandExecutor.execute(DriverCommandExecutor.java:83)
	at org.openqa.selenium.remote.RemoteWebDriver.execute(RemoteWebDriver.java:552)
	at org.openqa.selenium.remote.RemoteWebDriver.findElement(RemoteWebDriver.java:323)
	at org.openqa.selenium.remote.RemoteWebDriver.findElementByXPath(RemoteWebDriver.java:428)
	at org.openqa.selenium.By$ByXPath.findElement(By.java:353)
	at org.openqa.selenium.remote.RemoteWebDriver.findElement(RemoteWebDriver.java:315)
	at com.qa.clearpc.pages.SearchPage.selectTestFolder(SearchPage.java:397)
	at com.qa.clearpc.shareLink.ShareLinkTest.validateSharePopUp(ShareLinkTest.java:64)
... Removed 31 stack frames</div></td></tr></table><p class="totop"><a href="#summary">back to summary</a></p><h3 id="m2">com.qa.clearpc.shareLink.ShareLinkTest#validateSuccessMessageaUponCopyingShareLink</h3><table class="result"><tr class="param"><th>Parameter #1</th></tr><tr class="param stripe"><td>COPY &amp; EXIT1</td></tr><tr><th>Exception</th></tr><tr><td><div class="stacktrace">org.openqa.selenium.NoSuchElementException: no such element: Unable to locate element: {&quot;method&quot;:&quot;xpath&quot;,&quot;selector&quot;:&quot;//div[@id=&quot;LibraryBrowseTree&quot;]/div/div[1]/div[3]/div/span&quot;}
  (Session info: chrome=89.0.4389.90)
For documentation on this error, please visit: https://www.seleniumhq.org/exceptions/no_such_element.html
Build info: version: &apos;3.141.59&apos;, revision: &apos;e82be7d358&apos;, time: &apos;2018-11-14T08:17:03&apos;
System info: host: &apos;PFTBLR-RMZ-021&apos;, ip: &apos;10.1.176.221&apos;, os.name: &apos;Windows 10&apos;, os.arch: &apos;amd64&apos;, os.version: &apos;10.0&apos;, java.version: &apos;12.0.2&apos;
Driver info: org.openqa.selenium.chrome.ChromeDriver
Capabilities {acceptInsecureCerts: false, browserName: chrome, browserVersion: 89.0.4389.90, chrome: {chromedriverVersion: 89.0.4389.23 (61b08ee2c5002..., userDataDir: D:\automationPULLprojects\C...}, goog:chromeOptions: {debuggerAddress: localhost:65180}, javascriptEnabled: true, networkConnectionEnabled: false, pageLoadStrategy: normal, platform: WINDOWS, platformName: WINDOWS, proxy: Proxy(), setWindowRect: true, strictFileInteractability: false, timeouts: {implicit: 0, pageLoad: 300000, script: 30000}, unhandledPromptBehavior: accept, webauthn:extension:largeBlob: true, webauthn:virtualAuthenticators: true}
Session ID: 8ee296a94ac5035989526ae25ce4daac
*** Element info: {Using=xpath, value=//div[@id=&quot;LibraryBrowseTree&quot;]/div/div[1]/div[3]/div/span}
	at org.openqa.selenium.remote.http.W3CHttpResponseCodec.createException(W3CHttpResponseCodec.java:187)
	at org.openqa.selenium.remote.http.W3CHttpResponseCodec.decode(W3CHttpResponseCodec.java:122)
	at org.openqa.selenium.remote.http.W3CHttpResponseCodec.decode(W3CHttpResponseCodec.java:49)
	at org.openqa.selenium.remote.HttpCommandExecutor.execute(HttpCommandExecutor.java:158)
	at org.openqa.selenium.remote.service.DriverCommandExecutor.execute(DriverCommandExecutor.java:83)
	at org.openqa.selenium.remote.RemoteWebDriver.execute(RemoteWebDriver.java:552)
	at org.openqa.selenium.remote.RemoteWebDriver.findElement(RemoteWebDriver.java:323)
	at org.openqa.selenium.remote.RemoteWebDriver.findElementByXPath(RemoteWebDriver.java:428)
	at org.openqa.selenium.By$ByXPath.findElement(By.java:353)
	at org.openqa.selenium.remote.RemoteWebDriver.findElement(RemoteWebDriver.java:315)
	at com.qa.clearpc.pages.SearchPage.selectTestFolder(SearchPage.java:397)
	at com.qa.clearpc.shareLink.ShareLinkTest.validateSuccessMessageaUponCopyingShareLink(ShareLinkTest.java:87)
... Removed 31 stack frames</div></td></tr></table><p class="totop"><a href="#summary">back to summary</a></p><h3 id="m3">com.qa.clearpc.shareLink.ShareLinkTest#validateSuccessMessageaUponCopyingShareLink</h3><table class="result"><tr class="param"><th>Parameter #1</th></tr><tr class="param stripe"><td>COPY LINK1</td></tr><tr><th>Exception</th></tr><tr><td><div class="stacktrace">org.openqa.selenium.NoSuchElementException: no such element: Unable to locate element: {&quot;method&quot;:&quot;xpath&quot;,&quot;selector&quot;:&quot;//div[@id=&quot;LibraryBrowseTree&quot;]/div/div[1]/div[3]/div/span&quot;}
  (Session info: chrome=89.0.4389.90)
For documentation on this error, please visit: https://www.seleniumhq.org/exceptions/no_such_element.html
Build info: version: &apos;3.141.59&apos;, revision: &apos;e82be7d358&apos;, time: &apos;2018-11-14T08:17:03&apos;
System info: host: &apos;PFTBLR-RMZ-021&apos;, ip: &apos;10.1.176.221&apos;, os.name: &apos;Windows 10&apos;, os.arch: &apos;amd64&apos;, os.version: &apos;10.0&apos;, java.version: &apos;12.0.2&apos;
Driver info: org.openqa.selenium.chrome.ChromeDriver
Capabilities {acceptInsecureCerts: false, browserName: chrome, browserVersion: 89.0.4389.90, chrome: {chromedriverVersion: 89.0.4389.23 (61b08ee2c5002..., userDataDir: D:\automationPULLprojects\C...}, goog:chromeOptions: {debuggerAddress: localhost:65180}, javascriptEnabled: true, networkConnectionEnabled: false, pageLoadStrategy: normal, platform: WINDOWS, platformName: WINDOWS, proxy: Proxy(), setWindowRect: true, strictFileInteractability: false, timeouts: {implicit: 0, pageLoad: 300000, script: 30000}, unhandledPromptBehavior: accept, webauthn:extension:largeBlob: true, webauthn:virtualAuthenticators: true}
Session ID: 8ee296a94ac5035989526ae25ce4daac
*** Element info: {Using=xpath, value=//div[@id=&quot;LibraryBrowseTree&quot;]/div/div[1]/div[3]/div/span}
	at org.openqa.selenium.remote.http.W3CHttpResponseCodec.createException(W3CHttpResponseCodec.java:187)
	at org.openqa.selenium.remote.http.W3CHttpResponseCodec.decode(W3CHttpResponseCodec.java:122)
	at org.openqa.selenium.remote.http.W3CHttpResponseCodec.decode(W3CHttpResponseCodec.java:49)
	at org.openqa.selenium.remote.HttpCommandExecutor.execute(HttpCommandExecutor.java:158)
	at org.openqa.selenium.remote.service.DriverCommandExecutor.execute(DriverCommandExecutor.java:83)
	at org.openqa.selenium.remote.RemoteWebDriver.execute(RemoteWebDriver.java:552)
	at org.openqa.selenium.remote.RemoteWebDriver.findElement(RemoteWebDriver.java:323)
	at org.openqa.selenium.remote.RemoteWebDriver.findElementByXPath(RemoteWebDriver.java:428)
	at org.openqa.selenium.By$ByXPath.findElement(By.java:353)
	at org.openqa.selenium.remote.RemoteWebDriver.findElement(RemoteWebDriver.java:315)
	at com.qa.clearpc.pages.SearchPage.selectTestFolder(SearchPage.java:397)
	at com.qa.clearpc.shareLink.ShareLinkTest.validateSuccessMessageaUponCopyingShareLink(ShareLinkTest.java:87)
... Removed 31 stack frames</div></td></tr></table><p class="totop"><a href="#summary">back to summary</a></p><h2>Search</h2><h3 id="m4">com.qa.clearpc.search.Search_pageTest#performSearchWithinOrganisation</h3><table class="result"><tr class="param"><th>Parameter #1</th><th>Parameter #2</th><th>Parameter #3</th></tr><tr class="param stripe"><td>Playlists </td><td>PLAYLIST </td><td>.filterType_Playlists</td></tr><tr><th colspan="3">Exception</th></tr><tr><td colspan="3"><div class="stacktrace">java.lang.AssertionError: expected [true] but found [false]
	at com.qa.clearpc.search.Search_pageTest.performSearchWithinOrganisation(Search_pageTest.java:99)
... Removed 30 stack frames</div></td></tr></table><p class="totop"><a href="#summary">back to summary</a></p><h3 id="m5">com.qa.clearpc.search.Search_pageTest#performSearchWithinOrganisation</h3><table class="result"><tr class="param"><th>Parameter #1</th><th>Parameter #2</th><th>Parameter #3</th></tr><tr class="param stripe"><td>Dailies</td><td>PLAYLIST </td><td>.filterType_Dailies</td></tr><tr><th colspan="3">Exception</th></tr><tr><td colspan="3"><div class="stacktrace">java.lang.AssertionError: expected [true] but found [false]
	at com.qa.clearpc.search.Search_pageTest.performSearchWithinOrganisation(Search_pageTest.java:99)
... Removed 30 stack frames</div></td></tr></table><p class="totop"><a href="#summary">back to summary</a></p><h3 id="m6">com.qa.clearpc.search.Search_pageTest#ValidateSearchTipsMessageIsDispalyed</h3><table class="result"></table><p class="totop"><a href="#summary">back to summary</a></p><h3 id="m7">com.qa.clearpc.search.Search_pageTest#performSearchWithinOrganisation</h3><table class="result"><tr class="param"><th>Parameter #1</th><th>Parameter #2</th><th>Parameter #3</th></tr><tr class="param stripe"><td>Videos</td><td>VIDEO</td><td>.filterType_Videos</td></tr></table><p class="totop"><a href="#summary">back to summary</a></p><h3 id="m8">com.qa.clearpc.search.Search_pageTest#performSearchWithinOrganisation</h3><table class="result"><tr class="param"><th>Parameter #1</th><th>Parameter #2</th><th>Parameter #3</th></tr><tr class="param stripe"><td>Folders</td><td>FOLDER</td><td>.filterType_Folders</td></tr></table><p class="totop"><a href="#summary">back to summary</a></p><h3 id="m9">com.qa.clearpc.search.Search_pageTest#performSearchWithinOrganisation</h3><table class="result"><tr class="param"><th>Parameter #1</th><th>Parameter #2</th><th>Parameter #3</th></tr><tr class="param stripe"><td>Documents</td><td>DOCUMENT</td><td>.filterType_Documents</td></tr></table><p class="totop"><a href="#summary">back to summary</a></p><h3 id="m10">com.qa.clearpc.search.Search_pageTest#performSearchWithinOrganisation</h3><table class="result"><tr class="param"><th>Parameter #1</th><th>Parameter #2</th><th>Parameter #3</th></tr><tr class="param stripe"><td>Audios</td><td>AUDIO</td><td>.filterType_Audios</td></tr></table><p class="totop"><a href="#summary">back to summary</a></p><h3 id="m11">com.qa.clearpc.search.Search_pageTest#performSearchWithinOrganisation</h3><table class="result"><tr class="param"><th>Parameter #1</th><th>Parameter #2</th><th>Parameter #3</th></tr><tr class="param stripe"><td>Images</td><td>IMAGE</td><td>.filterType_Images</td></tr></table><p class="totop"><a href="#summary">back to summary</a></p><h3 id="m12">com.qa.clearpc.search.Search_pageTest#validateAutosuggetionsForAdvancedSearch</h3><table class="result"></table><p class="totop"><a href="#summary">back to summary</a></p><h3 id="m13">com.qa.clearpc.search.Search_pageTest#validateDetailedAssetView</h3><table class="result"></table><p class="totop"><a href="#summary">back to summary</a></p><h3 id="m14">com.qa.clearpc.search.Search_pageTest#validateGridAssetView</h3><table class="result"></table><p class="totop"><a href="#summary">back to summary</a></p><h3 id="m15">com.qa.clearpc.search.Search_pageTest#validateListAssetView</h3><table class="result"></table><p class="totop"><a href="#summary">back to summary</a></p><h3 id="m16">com.qa.clearpc.search.Search_pageTest#validateSearchForInvalidData</h3><table class="result"></table><p class="totop"><a href="#summary">back to summary</a></p><h2>Filters</h2><h3 id="m17">com.qa.clearpc.search.FilterPageTest#validateAllFilterOptionsAreDisplayed</h3><table class="result"></table><p class="totop"><a href="#summary">back to summary</a></p><h3 id="m18">com.qa.clearpc.search.FilterPageTest#validateCategoriesFilterTypeResults</h3><table class="result"></table><p class="totop"><a href="#summary">back to summary</a></p><h2>Action</h2><h3 id="m19">com.qa.clearpc.Library.ActionPageTest#validateCopiedAssetInDestFolder</h3><table class="result"><tr><th>Exception</th></tr><tr><td><div class="stacktrace">java.lang.AssertionError: expected [true] but found [false]
	at com.qa.clearpc.Library.ActionPageTest.validateCopiedAssetInDestFolder(ActionPageTest.java:87)
... Removed 30 stack frames</div></td></tr></table><p class="totop"><a href="#summary">back to summary</a></p><h3 id="m20">com.qa.clearpc.Library.ActionPageTest#validateMoveFunctionality</h3><table class="result"><tr><th>Exception</th></tr><tr><td><div class="stacktrace">org.openqa.selenium.NoSuchElementException: no such element: Unable to locate element: {&quot;method&quot;:&quot;xpath&quot;,&quot;selector&quot;:&quot;//div[@id=&quot;LibraryBrowseTree&quot;]/div/div[1]/div[3]/div/span&quot;}
  (Session info: chrome=89.0.4389.90)
For documentation on this error, please visit: https://www.seleniumhq.org/exceptions/no_such_element.html
Build info: version: &apos;3.141.59&apos;, revision: &apos;e82be7d358&apos;, time: &apos;2018-11-14T08:17:03&apos;
System info: host: &apos;PFTBLR-RMZ-021&apos;, ip: &apos;10.1.176.221&apos;, os.name: &apos;Windows 10&apos;, os.arch: &apos;amd64&apos;, os.version: &apos;10.0&apos;, java.version: &apos;12.0.2&apos;
Driver info: org.openqa.selenium.chrome.ChromeDriver
Capabilities {acceptInsecureCerts: false, browserName: chrome, browserVersion: 89.0.4389.90, chrome: {chromedriverVersion: 89.0.4389.23 (61b08ee2c5002..., userDataDir: D:\automationPULLprojects\C...}, goog:chromeOptions: {debuggerAddress: localhost:64399}, javascriptEnabled: true, networkConnectionEnabled: false, pageLoadStrategy: normal, platform: WINDOWS, platformName: WINDOWS, proxy: Proxy(), setWindowRect: true, strictFileInteractability: false, timeouts: {implicit: 0, pageLoad: 300000, script: 30000}, unhandledPromptBehavior: accept, webauthn:extension:largeBlob: true, webauthn:virtualAuthenticators: true}
Session ID: 0fd425afb660df538f229464199c2d0e
*** Element info: {Using=xpath, value=//div[@id=&quot;LibraryBrowseTree&quot;]/div/div[1]/div[3]/div/span}
	at org.openqa.selenium.remote.http.W3CHttpResponseCodec.createException(W3CHttpResponseCodec.java:187)
	at org.openqa.selenium.remote.http.W3CHttpResponseCodec.decode(W3CHttpResponseCodec.java:122)
	at org.openqa.selenium.remote.http.W3CHttpResponseCodec.decode(W3CHttpResponseCodec.java:49)
	at org.openqa.selenium.remote.HttpCommandExecutor.execute(HttpCommandExecutor.java:158)
	at org.openqa.selenium.remote.service.DriverCommandExecutor.execute(DriverCommandExecutor.java:83)
	at org.openqa.selenium.remote.RemoteWebDriver.execute(RemoteWebDriver.java:552)
	at org.openqa.selenium.remote.RemoteWebDriver.findElement(RemoteWebDriver.java:323)
	at org.openqa.selenium.remote.RemoteWebDriver.findElementByXPath(RemoteWebDriver.java:428)
	at org.openqa.selenium.By$ByXPath.findElement(By.java:353)
	at org.openqa.selenium.remote.RemoteWebDriver.findElement(RemoteWebDriver.java:315)
	at com.qa.clearpc.pages.SearchPage.selectTestFolder(SearchPage.java:397)
	at com.qa.clearpc.Library.ActionPageTest.validateMoveFunctionality(ActionPageTest.java:96)
... Removed 31 stack frames</div></td></tr></table><p class="totop"><a href="#summary">back to summary</a></p><h3 id="m21">com.qa.clearpc.Library.ActionPageTest#validateRenameFunctionality</h3><table class="result"><tr><th>Exception</th></tr><tr><td><div class="stacktrace">org.openqa.selenium.NoSuchElementException: no such element: Unable to locate element: {&quot;method&quot;:&quot;xpath&quot;,&quot;selector&quot;:&quot;//div[@id=&quot;LibraryBrowseTree&quot;]/div/div[1]/div[3]/div/span&quot;}
  (Session info: chrome=89.0.4389.90)
For documentation on this error, please visit: https://www.seleniumhq.org/exceptions/no_such_element.html
Build info: version: &apos;3.141.59&apos;, revision: &apos;e82be7d358&apos;, time: &apos;2018-11-14T08:17:03&apos;
System info: host: &apos;PFTBLR-RMZ-021&apos;, ip: &apos;10.1.176.221&apos;, os.name: &apos;Windows 10&apos;, os.arch: &apos;amd64&apos;, os.version: &apos;10.0&apos;, java.version: &apos;12.0.2&apos;
Driver info: org.openqa.selenium.chrome.ChromeDriver
Capabilities {acceptInsecureCerts: false, browserName: chrome, browserVersion: 89.0.4389.90, chrome: {chromedriverVersion: 89.0.4389.23 (61b08ee2c5002..., userDataDir: D:\automationPULLprojects\C...}, goog:chromeOptions: {debuggerAddress: localhost:64399}, javascriptEnabled: true, networkConnectionEnabled: false, pageLoadStrategy: normal, platform: WINDOWS, platformName: WINDOWS, proxy: Proxy(), setWindowRect: true, strictFileInteractability: false, timeouts: {implicit: 0, pageLoad: 300000, script: 30000}, unhandledPromptBehavior: accept, webauthn:extension:largeBlob: true, webauthn:virtualAuthenticators: true}
Session ID: 0fd425afb660df538f229464199c2d0e
*** Element info: {Using=xpath, value=//div[@id=&quot;LibraryBrowseTree&quot;]/div/div[1]/div[3]/div/span}
	at org.openqa.selenium.remote.http.W3CHttpResponseCodec.createException(W3CHttpResponseCodec.java:187)
	at org.openqa.selenium.remote.http.W3CHttpResponseCodec.decode(W3CHttpResponseCodec.java:122)
	at org.openqa.selenium.remote.http.W3CHttpResponseCodec.decode(W3CHttpResponseCodec.java:49)
	at org.openqa.selenium.remote.HttpCommandExecutor.execute(HttpCommandExecutor.java:158)
	at org.openqa.selenium.remote.service.DriverCommandExecutor.execute(DriverCommandExecutor.java:83)
	at org.openqa.selenium.remote.RemoteWebDriver.execute(RemoteWebDriver.java:552)
	at org.openqa.selenium.remote.RemoteWebDriver.findElement(RemoteWebDriver.java:323)
	at org.openqa.selenium.remote.RemoteWebDriver.findElementByXPath(RemoteWebDriver.java:428)
	at org.openqa.selenium.By$ByXPath.findElement(By.java:353)
	at org.openqa.selenium.remote.RemoteWebDriver.findElement(RemoteWebDriver.java:315)
	at com.qa.clearpc.pages.SearchPage.selectTestFolder(SearchPage.java:397)
	at com.qa.clearpc.Library.ActionPageTest.validateRenameFunctionality(ActionPageTest.java:111)
... Removed 31 stack frames</div></td></tr></table><p class="totop"><a href="#summary">back to summary</a></p><h3 id="m22">com.qa.clearpc.Library.ActionPageTest#validateRenamedAssetSearchResult</h3><table class="result"><tr><th>Exception</th></tr><tr><td><div class="stacktrace">java.lang.AssertionError: expected [true] but found [false]
	at com.qa.clearpc.Library.ActionPageTest.validateRenamedAssetSearchResult(ActionPageTest.java:126)
... Removed 30 stack frames</div></td></tr></table><p class="totop"><a href="#summary">back to summary</a></p><h3 id="m23">com.qa.clearpc.Library.ActionPageTest#validateCopyAssetPopUpDisplayed</h3><table class="result"></table><p class="totop"><a href="#summary">back to summary</a></p><h3 id="m24">com.qa.clearpc.Library.ActionPageTest#validateCopyFunctionality</h3><table class="result"></table><p class="totop"><a href="#summary">back to summary</a></p><h2>Login</h2><h3 id="m25">com.qa.clearpc.Login.LoginPageTest#ValidateloginToPortal</h3><table class="result"><tr class="param"><th>Parameter #1</th><th>Parameter #2</th><th>Parameter #3</th><th>Parameter #4</th><th>Parameter #5</th></tr><tr class="param stripe"><td>mail.primefocus.com</td><td>shilpashree.k@primefocus.com</td><td>GMYZMCPOCZBNMMXG </td><td>noreply@clearnotifications.com</td><td>Security Access Code</td></tr></table><p class="totop"><a href="#summary">back to summary</a></p><h3 id="m26">com.qa.clearpc.Login.LoginPageTest#validateLoginForInvalidData</h3><table class="result"><tr class="param"><th>Parameter #1</th><th>Parameter #2</th></tr><tr class="param stripe"><td>qa_testuser</td><td>March@2020</td></tr></table><p class="totop"><a href="#summary">back to summary</a></p><h3 id="m27">com.qa.clearpc.Login.LoginPageTest#validateLogout</h3><table class="result"><tr class="param"><th>Parameter #1</th><th>Parameter #2</th><th>Parameter #3</th><th>Parameter #4</th><th>Parameter #5</th></tr><tr class="param stripe"><td>mail.primefocus.com</td><td>shilpashree.k@primefocus.com</td><td>GMYZMCPOCZBNMMXG </td><td>noreply@clearnotifications.com</td><td>Security Access Code</td></tr></table><p class="totop"><a href="#summary">back to summary</a></p></body></html>