<?xml version="1.0" encoding="UTF-8"?>
<!-- Generated by org.testng.reporters.JUnitXMLReporter -->
<testsuite ignored="6" hostname="PFTBLR-RMZ-021" failures="3" tests="7" name="Search" time="150.543" errors="0" timestamp="30 Oct 2020 06:52:28 GMT">
  <testcase classname="com.qa.clearpc.search.Search_pageTest" name="performSearchWithinOrganisation" time="18.846"/>
  <testcase classname="com.qa.clearpc.search.Search_pageTest" name="performSearchWithinOrganisation" time="18.277"/>
  <testcase classname="com.qa.clearpc.search.Search_pageTest" name="performSearchWithinOrganisation" time="17.514"/>
  <testcase classname="com.qa.clearpc.search.Search_pageTest" name="performSearchWithinOrganisation" time="17.415"/>
  <testcase classname="com.qa.clearpc.search.Search_pageTest" name="performSearchWithinOrganisation" time="17.313">
    <failure type="java.lang.AssertionError" message="expected [true] but found [false]">
      <![CDATA[java.lang.AssertionError: expected [true] but found [false]
	at com.qa.clearpc.search.Search_pageTest.performSearchWithinOrganisation(Search_pageTest.java:99)
... Removed 30 stack frames]]>
    </failure>
  </testcase> <!-- performSearchWithinOrganisation -->
  <testcase classname="com.qa.clearpc.search.Search_pageTest" name="performSearchWithinOrganisation" time="17.701">
    <failure type="java.lang.AssertionError" message="expected [true] but found [false]">
      <![CDATA[java.lang.AssertionError: expected [true] but found [false]
	at com.qa.clearpc.search.Search_pageTest.performSearchWithinOrganisation(Search_pageTest.java:99)
... Removed 30 stack frames]]>
    </failure>
  </testcase> <!-- performSearchWithinOrganisation -->
  <testcase classname="com.qa.clearpc.search.Search_pageTest" name="performSearchWithinOrganisation" time="16.583">
    <failure type="java.lang.AssertionError" message="expected [true] but found [false]">
      <![CDATA[java.lang.AssertionError: expected [true] but found [false]
	at com.qa.clearpc.search.Search_pageTest.performSearchWithinOrganisation(Search_pageTest.java:99)
... Removed 30 stack frames]]>
    </failure>
  </testcase> <!-- performSearchWithinOrganisation -->
  <testcase classname="com.qa.clearpc.search.Search_pageTest" name="validateDetailedAssetView" time="0.0">
    <ignored/>
  </testcase> <!-- validateDetailedAssetView -->
  <testcase classname="com.qa.clearpc.search.Search_pageTest" name="validateGridAssetView" time="0.0">
    <ignored/>
  </testcase> <!-- validateGridAssetView -->
  <testcase classname="com.qa.clearpc.search.Search_pageTest" name="validateListAssetView" time="0.0">
    <ignored/>
  </testcase> <!-- validateListAssetView -->
  <testcase classname="com.qa.clearpc.search.Search_pageTest" name="validateSearchForInvalidData" time="0.0">
    <ignored/>
  </testcase> <!-- validateSearchForInvalidData -->
  <testcase classname="com.qa.clearpc.search.Search_pageTest" name="ValidateSearchTipsMessageIsDispalyed" time="0.0">
    <ignored/>
  </testcase> <!-- ValidateSearchTipsMessageIsDispalyed -->
  <testcase classname="com.qa.clearpc.search.Search_pageTest" name="validateAutosuggetionsForAdvancedSearch" time="0.0">
    <ignored/>
  </testcase> <!-- validateAutosuggetionsForAdvancedSearch -->
</testsuite> <!-- Search -->
