<?xml version="1.0" encoding="UTF-8"?>
<!-- Generated by org.testng.reporters.JUnitReportReporter -->
<testsuite ignored="4" hostname="Manjushree" failures="0" tests="2" name="com.qa.clearpc.Login.LoginPageTest" time="0.002" errors="1" timestamp="15 Sep 2020 06:30:30 GMT" skipped="1">
  <testcase classname="com.qa.clearpc.Login.LoginPageTest" name="validateLogin" time="0.002">
    <skipped/>
  </testcase> <!-- validateLogin -->
  <testcase classname="com.qa.clearpc.Login.LoginPageTest" name="setUp" time="0.000">
    <error message="session not created: This version of ChromeDriver only supports Chrome version 83
Build info: version: &#039;3.141.59&#039;, revision: &#039;e82be7d358&#039;, time: &#039;2018-11-14T08:17:03&#039;
System info: host: &#039;MANJUSHREE&#039;, ip: &#039;10.45.96.69&#039;, os.name: &#039;Windows 8.1&#039;, os.arch: &#039;amd64&#039;, os.version: &#039;6.3&#039;, java.version: &#039;11.0.6&#039;
Driver info: driver.version: ChromeDriver
remote stacktrace: Backtrace:
	Ordinal0 [0x015C9563+2725219]
	Ordinal0 [0x014C8551+1672529]
	Ordinal0 [0x013B0359+525145]
	Ordinal0 [0x01340B77+68471]
	Ordinal0 [0x0133D32C+54060]
	Ordinal0 [0x0135CC37+183351]
	Ordinal0 [0x0135CA3D+182845]
	Ordinal0 [0x0135A94B+174411]
	Ordinal0 [0x01342528+75048]
	Ordinal0 [0x013435A0+79264]
	Ordinal0 [0x01343539+79161]
	Ordinal0 [0x014DD607+1758727]
	GetHandleVerifier [0x016E6546+1050150]
	GetHandleVerifier [0x016E6291+1049457]
	GetHandleVerifier [0x016F10D7+1094071]
	GetHandleVerifier [0x016E6B46+1051686]
	Ordinal0 [0x014D5B06+1727238]
	Ordinal0 [0x014DEB7B+1764219]
	Ordinal0 [0x014DECE3+1764579]
	Ordinal0 [0x014F4C05+1854469]
	BaseThreadInitThunk [0x77336A14+36]
	RtlInitializeExceptionChain [0x77DDAB4F+143]
	RtlInitializeExceptionChain [0x77DDAB1A+90]
" type="org.openqa.selenium.SessionNotCreatedException">
      <![CDATA[org.openqa.selenium.SessionNotCreatedException: session not created: This version of ChromeDriver only supports Chrome version 83
Build info: version: '3.141.59', revision: 'e82be7d358', time: '2018-11-14T08:17:03'
System info: host: 'MANJUSHREE', ip: '10.45.96.69', os.name: 'Windows 8.1', os.arch: 'amd64', os.version: '6.3', java.version: '11.0.6'
Driver info: driver.version: ChromeDriver
remote stacktrace: Backtrace:
	Ordinal0 [0x015C9563+2725219]
	Ordinal0 [0x014C8551+1672529]
	Ordinal0 [0x013B0359+525145]
	Ordinal0 [0x01340B77+68471]
	Ordinal0 [0x0133D32C+54060]
	Ordinal0 [0x0135CC37+183351]
	Ordinal0 [0x0135CA3D+182845]
	Ordinal0 [0x0135A94B+174411]
	Ordinal0 [0x01342528+75048]
	Ordinal0 [0x013435A0+79264]
	Ordinal0 [0x01343539+79161]
	Ordinal0 [0x014DD607+1758727]
	GetHandleVerifier [0x016E6546+1050150]
	GetHandleVerifier [0x016E6291+1049457]
	GetHandleVerifier [0x016F10D7+1094071]
	GetHandleVerifier [0x016E6B46+1051686]
	Ordinal0 [0x014D5B06+1727238]
	Ordinal0 [0x014DEB7B+1764219]
	Ordinal0 [0x014DECE3+1764579]
	Ordinal0 [0x014F4C05+1854469]
	BaseThreadInitThunk [0x77336A14+36]
	RtlInitializeExceptionChain [0x77DDAB4F+143]
	RtlInitializeExceptionChain [0x77DDAB1A+90]

	at java.base/jdk.internal.reflect.NativeConstructorAccessorImpl.newInstance0(Native Method)
	at java.base/jdk.internal.reflect.NativeConstructorAccessorImpl.newInstance(NativeConstructorAccessorImpl.java:62)
	at java.base/jdk.internal.reflect.DelegatingConstructorAccessorImpl.newInstance(DelegatingConstructorAccessorImpl.java:45)
	at java.base/java.lang.reflect.Constructor.newInstance(Constructor.java:490)
	at org.openqa.selenium.remote.W3CHandshakeResponse.lambda$errorHandler$0(W3CHandshakeResponse.java:62)
	at org.openqa.selenium.remote.HandshakeResponse.lambda$getResponseFunction$0(HandshakeResponse.java:30)
	at org.openqa.selenium.remote.ProtocolHandshake.lambda$createSession$0(ProtocolHandshake.java:126)
	at java.base/java.util.stream.ReferencePipeline$3$1.accept(ReferencePipeline.java:195)
	at java.base/java.util.Spliterators$ArraySpliterator.tryAdvance(Spliterators.java:958)
	at java.base/java.util.stream.ReferencePipeline.forEachWithCancel(ReferencePipeline.java:127)
	at java.base/java.util.stream.AbstractPipeline.copyIntoWithCancel(AbstractPipeline.java:502)
	at java.base/java.util.stream.AbstractPipeline.copyInto(AbstractPipeline.java:488)
	at java.base/java.util.stream.AbstractPipeline.wrapAndCopyInto(AbstractPipeline.java:474)
	at java.base/java.util.stream.FindOps$FindOp.evaluateSequential(FindOps.java:150)
	at java.base/java.util.stream.AbstractPipeline.evaluate(AbstractPipeline.java:234)
	at java.base/java.util.stream.ReferencePipeline.findFirst(ReferencePipeline.java:543)
	at org.openqa.selenium.remote.ProtocolHandshake.createSession(ProtocolHandshake.java:128)
	at org.openqa.selenium.remote.ProtocolHandshake.createSession(ProtocolHandshake.java:74)
	at org.openqa.selenium.remote.HttpCommandExecutor.execute(HttpCommandExecutor.java:136)
	at org.openqa.selenium.remote.service.DriverCommandExecutor.execute(DriverCommandExecutor.java:83)
	at org.openqa.selenium.remote.RemoteWebDriver.execute(RemoteWebDriver.java:552)
	at org.openqa.selenium.remote.RemoteWebDriver.startSession(RemoteWebDriver.java:213)
	at org.openqa.selenium.remote.RemoteWebDriver.<init>(RemoteWebDriver.java:131)
	at org.openqa.selenium.chrome.ChromeDriver.<init>(ChromeDriver.java:181)
	at org.openqa.selenium.chrome.ChromeDriver.<init>(ChromeDriver.java:168)
	at org.openqa.selenium.chrome.ChromeDriver.<init>(ChromeDriver.java:157)
	at com.qa.clearpc.BaseClass.BaseClass.loadPortal(BaseClass.java:175)
	at com.qa.clearpc.Login.LoginPageTest.setUp(LoginPageTest.java:34)
	at java.base/jdk.internal.reflect.NativeMethodAccessorImpl.invoke0(Native Method)
	at java.base/jdk.internal.reflect.NativeMethodAccessorImpl.invoke(NativeMethodAccessorImpl.java:62)
	at java.base/jdk.internal.reflect.DelegatingMethodAccessorImpl.invoke(DelegatingMethodAccessorImpl.java:43)
	at java.base/java.lang.reflect.Method.invoke(Method.java:566)
	at org.testng.internal.MethodInvocationHelper.invokeMethod(MethodInvocationHelper.java:104)
	at org.testng.internal.Invoker.invokeConfigurationMethod(Invoker.java:515)
	at org.testng.internal.Invoker.invokeConfigurations(Invoker.java:217)
	at org.testng.internal.Invoker.invokeConfigurations(Invoker.java:144)
	at org.testng.TestRunner.beforeRun(TestRunner.java:634)
	at org.testng.TestRunner.run(TestRunner.java:602)
	at org.testng.SuiteRunner.runTest(SuiteRunner.java:387)
	at org.testng.SuiteRunner.runSequentially(SuiteRunner.java:382)
	at org.testng.SuiteRunner.privateRun(SuiteRunner.java:340)
	at org.testng.SuiteRunner.run(SuiteRunner.java:289)
	at org.testng.SuiteRunnerWorker.runSuite(SuiteRunnerWorker.java:52)
	at org.testng.SuiteRunnerWorker.run(SuiteRunnerWorker.java:86)
	at org.testng.TestNG.runSuitesSequentially(TestNG.java:1293)
	at org.testng.TestNG.runSuitesSequentially(TestNG.java:1289)
	at org.testng.TestNG.runSuitesLocally(TestNG.java:1218)
	at org.testng.TestNG.runSuites(TestNG.java:1133)
	at org.testng.TestNG.run(TestNG.java:1104)
	at org.testng.remote.AbstractRemoteTestNG.run(AbstractRemoteTestNG.java:115)
	at org.testng.remote.RemoteTestNG.initAndRun(RemoteTestNG.java:251)
	at org.testng.remote.RemoteTestNG.main(RemoteTestNG.java:77)
]]>
    </error>
  </testcase> <!-- setUp -->
  <testcase classname="com.qa.clearpc.Login.LoginPageTest" name="validateLoginForInvalidData">
    <skipped/>
  </testcase> <!-- validateLoginForInvalidData -->
  <testcase classname="com.qa.clearpc.BaseClass.BaseClass" name="endSuite">
    <skipped/>
  </testcase> <!-- endSuite -->
  <testcase classname="com.qa.clearpc.BaseClass.BaseClass" name="BeforesuiteSetup">
    <skipped/>
  </testcase> <!-- BeforesuiteSetup -->
  <testcase classname="com.qa.clearpc.BaseClass.BaseClass" name="initialisation">
    <skipped/>
  </testcase> <!-- initialisation -->
</testsuite> <!-- com.qa.clearpc.Login.LoginPageTest -->
