<html>
<head>
<title>TestNG:  AddFolder</title>
<link href="../testng.css" rel="stylesheet" type="text/css" />
<link href="../my-testng.css" rel="stylesheet" type="text/css" />

<style type="text/css">
.log { display: none;} 
.stack-trace { display: none;} 
</style>
<script type="text/javascript">
<!--
function flip(e) {
  current = e.style.display;
  if (current == 'block') {
    e.style.display = 'none';
    return 0;
  }
  else {
    e.style.display = 'block';
    return 1;
  }
}

function toggleBox(szDivId, elem, msg1, msg2)
{
  var res = -1;  if (document.getElementById) {
    res = flip(document.getElementById(szDivId));
  }
  else if (document.all) {
    // this is the way old msie versions work
    res = flip(document.all[szDivId]);
  }
  if(elem) {
    if(res == 0) elem.innerHTML = msg1; else elem.innerHTML = msg2;
  }

}

function toggleAllBoxes() {
  if (document.getElementsByTagName) {
    d = document.getElementsByTagName('div');
    for (i = 0; i < d.length; i++) {
      if (d[i].className == 'log') {
        flip(d[i]);
      }
    }
  }
}

// -->
</script>

</head>
<body>
<h2 align='center'>AddFolder</h2><table border='1' align="center">
<tr>
<td>Tests passed/Failed/Skipped:</td><td>5/1/0</td>
</tr><tr>
<td>Started on:</td><td>Wed Oct 07 18:55:32 IST 2020</td>
</tr>
<tr><td>Total time:</td><td>220 seconds (220447 ms)</td>
</tr><tr>
<td>Included groups:</td><td></td>
</tr><tr>
<td>Excluded groups:</td><td></td>
</tr>
</table><p/>
<small><i>(Hover the method name to see the test class name)</i></small><p/>
<table width='100%' border='1' class='invocation-failed'>
<tr><td colspan='4' align='center'><b>FAILED TESTS</b></td></tr>
<tr><td><b>Test method</b></td>
<td width="30%"><b>Exception</b></td>
<td width="10%"><b>Time (seconds)</b></td>
<td><b>Instance</b></td>
</tr>
<tr>
<td title='com.qa.clearpc.AddFolder.AddFolderTest.validateEditFolderFucntionality()'><b>validateEditFolderFucntionality</b><br>Test class: com.qa.clearpc.AddFolder.AddFolderTest<br>Test method: Verify edit folder fucntionality</td>
<td><div><pre>org.openqa.selenium.ElementClickInterceptedException: element click intercepted: Element &lt;div id=&quot;navigiationOpenClosePanel&quot; title=&quot;Show Navigation Panel&quot; class=&quot;openClosePanel linked FL&quot; onclick=&quot;showHideNavigationPanel()&quot; style=&quot;border: 3px solid red;&quot;&gt;...&lt;/div&gt; is not clickable at point (28, 26). Other element would receive the click: &lt;div id=&quot;overlay1&quot; class=&quot;overlay assetViewerOverlayOpacity&quot;&gt;&lt;/div&gt;
  (Session info: chrome=85.0.4183.121)
Build info: version: &apos;3.141.59&apos;, revision: &apos;e82be7d358&apos;, time: &apos;2018-11-14T08:17:03&apos;
System info: host: &apos;PFTBLR-RMZ-021&apos;, ip: &apos;10.1.176.221&apos;, os.name: &apos;Windows 10&apos;, os.arch: &apos;amd64&apos;, os.version: &apos;10.0&apos;, java.version: &apos;12.0.2&apos;
Driver info: org.openqa.selenium.chrome.ChromeDriver
Capabilities {acceptInsecureCerts: false, browserName: chrome, browserVersion: 85.0.4183.121, chrome: {chromedriverVersion: 85.0.4183.87 (cd6713ebf92fa..., userDataDir: D:\automationPULLprojects\C...}, goog:chromeOptions: {debuggerAddress: localhost:58255}, javascriptEnabled: true, networkConnectionEnabled: false, pageLoadStrategy: normal, platform: WINDOWS, platformName: WINDOWS, proxy: Proxy(), setWindowRect: true, strictFileInteractability: false, timeouts: {implicit: 0, pageLoad: 300000, script: 30000}, unhandledPromptBehavior: accept, webauthn:virtualAuthenticators: true}
Session ID: 7afb6e3c4d90e3000134656d4045e527
	at org.openqa.selenium.remote.http.W3CHttpResponseCodec.createException(W3CHttpResponseCodec.java:187)
	at org.openqa.selenium.remote.http.W3CHttpResponseCodec.decode(W3CHttpResponseCodec.java:122)
	at org.openqa.selenium.remote.http.W3CHttpResponseCodec.decode(W3CHttpResponseCodec.java:49)
	at org.openqa.selenium.remote.HttpCommandExecutor.execute(HttpCommandExecutor.java:158)
	at org.openqa.selenium.remote.service.DriverCommandExecutor.execute(DriverCommandExecutor.java:83)
	at org.openqa.selenium.remote.RemoteWebDriver.execute(RemoteWebDriver.java:552)
	at org.openqa.selenium.remote.RemoteWebElement.execute(RemoteWebElement.java:285)
	at org.openqa.selenium.remote.RemoteWebElement.click(RemoteWebElement.java:84)
	at org.openqa.selenium.support.pagefactory.internal.LocatingElementHandler.invoke(LocatingElementHandler.java:51)
	at com.sun.proxy.$Proxy17.click(Unknown Source)
	at com.qa.clearpc.utility.SeleniumUtility.Click(SeleniumUtility.java:38)
	at com.qa.clearpc.utility.GenericUtils.checkNavigationPanelStatus(GenericUtils.java:53)
	at com.qa.clearpc.utility.GenericUtils.selectOrganization(GenericUtils.java:68)
	at com.qa.clearpc.AddFolder.AddFolderTest.validateEditFolderFucntionality(AddFolderTest.java:142)
... Removed 34 stack frames</pre></div><a href='#' onClick='toggleBox("stack-trace337648272", this, "Click to show all stack frames", "Click to hide stack frames")'>Click to show all stack frames</a>
<div class='stack-trace' id='stack-trace337648272'><pre>org.openqa.selenium.ElementClickInterceptedException: element click intercepted: Element &lt;div id=&quot;navigiationOpenClosePanel&quot; title=&quot;Show Navigation Panel&quot; class=&quot;openClosePanel linked FL&quot; onclick=&quot;showHideNavigationPanel()&quot; style=&quot;border: 3px solid red;&quot;&gt;...&lt;/div&gt; is not clickable at point (28, 26). Other element would receive the click: &lt;div id=&quot;overlay1&quot; class=&quot;overlay assetViewerOverlayOpacity&quot;&gt;&lt;/div&gt;
  (Session info: chrome=85.0.4183.121)
Build info: version: &apos;3.141.59&apos;, revision: &apos;e82be7d358&apos;, time: &apos;2018-11-14T08:17:03&apos;
System info: host: &apos;PFTBLR-RMZ-021&apos;, ip: &apos;10.1.176.221&apos;, os.name: &apos;Windows 10&apos;, os.arch: &apos;amd64&apos;, os.version: &apos;10.0&apos;, java.version: &apos;12.0.2&apos;
Driver info: org.openqa.selenium.chrome.ChromeDriver
Capabilities {acceptInsecureCerts: false, browserName: chrome, browserVersion: 85.0.4183.121, chrome: {chromedriverVersion: 85.0.4183.87 (cd6713ebf92fa..., userDataDir: D:\automationPULLprojects\C...}, goog:chromeOptions: {debuggerAddress: localhost:58255}, javascriptEnabled: true, networkConnectionEnabled: false, pageLoadStrategy: normal, platform: WINDOWS, platformName: WINDOWS, proxy: Proxy(), setWindowRect: true, strictFileInteractability: false, timeouts: {implicit: 0, pageLoad: 300000, script: 30000}, unhandledPromptBehavior: accept, webauthn:virtualAuthenticators: true}
Session ID: 7afb6e3c4d90e3000134656d4045e527
	at java.base/jdk.internal.reflect.NativeConstructorAccessorImpl.newInstance0(Native Method)
	at java.base/jdk.internal.reflect.NativeConstructorAccessorImpl.newInstance(NativeConstructorAccessorImpl.java:62)
	at java.base/jdk.internal.reflect.DelegatingConstructorAccessorImpl.newInstance(DelegatingConstructorAccessorImpl.java:45)
	at java.base/java.lang.reflect.Constructor.newInstanceWithCaller(Constructor.java:500)
	at java.base/java.lang.reflect.Constructor.newInstance(Constructor.java:481)
	at org.openqa.selenium.remote.http.W3CHttpResponseCodec.createException(W3CHttpResponseCodec.java:187)
	at org.openqa.selenium.remote.http.W3CHttpResponseCodec.decode(W3CHttpResponseCodec.java:122)
	at org.openqa.selenium.remote.http.W3CHttpResponseCodec.decode(W3CHttpResponseCodec.java:49)
	at org.openqa.selenium.remote.HttpCommandExecutor.execute(HttpCommandExecutor.java:158)
	at org.openqa.selenium.remote.service.DriverCommandExecutor.execute(DriverCommandExecutor.java:83)
	at org.openqa.selenium.remote.RemoteWebDriver.execute(RemoteWebDriver.java:552)
	at org.openqa.selenium.remote.RemoteWebElement.execute(RemoteWebElement.java:285)
	at org.openqa.selenium.remote.RemoteWebElement.click(RemoteWebElement.java:84)
	at jdk.internal.reflect.GeneratedMethodAccessor11.invoke(Unknown Source)
	at java.base/jdk.internal.reflect.DelegatingMethodAccessorImpl.invoke(DelegatingMethodAccessorImpl.java:43)
	at java.base/java.lang.reflect.Method.invoke(Method.java:567)
	at org.openqa.selenium.support.pagefactory.internal.LocatingElementHandler.invoke(LocatingElementHandler.java:51)
	at com.sun.proxy.$Proxy17.click(Unknown Source)
	at com.qa.clearpc.utility.SeleniumUtility.Click(SeleniumUtility.java:38)
	at com.qa.clearpc.utility.GenericUtils.checkNavigationPanelStatus(GenericUtils.java:53)
	at com.qa.clearpc.utility.GenericUtils.selectOrganization(GenericUtils.java:68)
	at com.qa.clearpc.AddFolder.AddFolderTest.validateEditFolderFucntionality(AddFolderTest.java:142)
	at java.base/jdk.internal.reflect.NativeMethodAccessorImpl.invoke0(Native Method)
	at java.base/jdk.internal.reflect.NativeMethodAccessorImpl.invoke(NativeMethodAccessorImpl.java:62)
	at java.base/jdk.internal.reflect.DelegatingMethodAccessorImpl.invoke(DelegatingMethodAccessorImpl.java:43)
	at java.base/java.lang.reflect.Method.invoke(Method.java:567)
	at org.testng.internal.MethodInvocationHelper.invokeMethod(MethodInvocationHelper.java:104)
	at org.testng.internal.Invoker.invokeMethod(Invoker.java:645)
	at org.testng.internal.Invoker.invokeTestMethod(Invoker.java:851)
	at org.testng.internal.Invoker.invokeTestMethods(Invoker.java:1177)
	at org.testng.internal.TestMethodWorker.invokeTestMethods(TestMethodWorker.java:129)
	at org.testng.internal.TestMethodWorker.run(TestMethodWorker.java:112)
	at org.testng.TestRunner.privateRun(TestRunner.java:756)
	at org.testng.TestRunner.run(TestRunner.java:610)
	at org.testng.SuiteRunner.runTest(SuiteRunner.java:387)
	at org.testng.SuiteRunner.runSequentially(SuiteRunner.java:382)
	at org.testng.SuiteRunner.privateRun(SuiteRunner.java:340)
	at org.testng.SuiteRunner.run(SuiteRunner.java:289)
	at org.testng.SuiteRunnerWorker.runSuite(SuiteRunnerWorker.java:52)
	at org.testng.SuiteRunnerWorker.run(SuiteRunnerWorker.java:86)
	at org.testng.TestNG.runSuitesSequentially(TestNG.java:1293)
	at org.testng.TestNG.runSuitesSequentially(TestNG.java:1289)
	at org.testng.TestNG.runSuitesLocally(TestNG.java:1218)
	at org.testng.TestNG.runSuites(TestNG.java:1133)
	at org.testng.TestNG.run(TestNG.java:1104)
	at org.testng.remote.AbstractRemoteTestNG.run(AbstractRemoteTestNG.java:115)
	at org.testng.remote.RemoteTestNG.initAndRun(RemoteTestNG.java:251)
	at org.testng.remote.RemoteTestNG.main(RemoteTestNG.java:77)
</pre></div></td>
<td>3</td>
<td>com.qa.clearpc.AddFolder.AddFolderTest@5a56cdac</td></tr>
</table><p>
<table width='100%' border='1' class='invocation-passed'>
<tr><td colspan='4' align='center'><b>PASSED TESTS</b></td></tr>
<tr><td><b>Test method</b></td>
<td width="30%"><b>Exception</b></td>
<td width="10%"><b>Time (seconds)</b></td>
<td><b>Instance</b></td>
</tr>
<tr>
<td title='com.qa.clearpc.AddFolder.AddFolderTest.searchNewlyCreatedFolderWithInOrganisation()'><b>searchNewlyCreatedFolderWithInOrganisation</b><br>Test class: com.qa.clearpc.AddFolder.AddFolderTest<br>Test method: Search newly created folder</td>
<td></td>
<td>45</td>
<td>com.qa.clearpc.AddFolder.AddFolderTest@5a56cdac</td></tr>
<tr>
<td title='com.qa.clearpc.AddFolder.AddFolderTest.validateAddFolderFunctionality_SaveAndCloseFunctionality()'><b>validateAddFolderFunctionality_SaveAndCloseFunctionality</b><br>Test class: com.qa.clearpc.AddFolder.AddFolderTest<br>Test method: validate Add folder fucntionality</td>
<td></td>
<td>27</td>
<td>com.qa.clearpc.AddFolder.AddFolderTest@5a56cdac</td></tr>
<tr>
<td title='com.qa.clearpc.AddFolder.AddFolderTest.validateAddFolderPopupDisplaying()'><b>validateAddFolderPopupDisplaying</b><br>Test class: com.qa.clearpc.AddFolder.AddFolderTest<br>Test method: Validate add folder pop up</td>
<td></td>
<td>18</td>
<td>com.qa.clearpc.AddFolder.AddFolderTest@5a56cdac</td></tr>
<tr>
<td title='com.qa.clearpc.AddFolder.AddFolderTest.validateFieldsInAddFolderPopup()'><b>validateFieldsInAddFolderPopup</b><br>Test class: com.qa.clearpc.AddFolder.AddFolderTest<br>Test method: Validate the fields in Add Folder popUp</td>
<td></td>
<td>47</td>
<td>com.qa.clearpc.AddFolder.AddFolderTest@5a56cdac</td></tr>
<tr>
<td title='com.qa.clearpc.AddFolder.AddFolderTest.validateSaveAndAnotherFolderFunctionality()'><b>validateSaveAndAnotherFolderFunctionality</b><br>Test class: com.qa.clearpc.AddFolder.AddFolderTest<br>Test method: validate Save And AnotherFolder Functionality</td>
<td></td>
<td>55</td>
<td>com.qa.clearpc.AddFolder.AddFolderTest@5a56cdac</td></tr>
</table><p>
</body>
</html>