<?xml version="1.0" encoding="UTF-8"?>
<!-- Generated by org.testng.reporters.JUnitXMLReporter -->
<testsuite ignored="0" hostname="PFTBLR-RMZ-021" failures="1" tests="6" name="AddFolder" time="220.447" errors="0" timestamp="07 Oct 2020 13:29:13 GMT">
  <testcase classname="com.qa.clearpc.AddFolder.AddFolderTest" name="validateAddFolderPopupDisplaying" time="18.347"/>
  <testcase classname="com.qa.clearpc.AddFolder.AddFolderTest" name="validateFieldsInAddFolderPopup" time="47.157"/>
  <testcase classname="com.qa.clearpc.AddFolder.AddFolderTest" name="validateAddFolderFunctionality_SaveAndCloseFunctionality" time="27.257"/>
  <testcase classname="com.qa.clearpc.AddFolder.AddFolderTest" name="searchNewlyCreatedFolderWithInOrganisation" time="45.554"/>
  <testcase classname="com.qa.clearpc.AddFolder.AddFolderTest" name="validateSaveAndAnotherFolderFunctionality" time="55.597"/>
  <testcase classname="com.qa.clearpc.AddFolder.AddFolderTest" name="validateEditFolderFucntionality" time="3.751">
    <failure type="org.openqa.selenium.ElementClickInterceptedException" message="element click intercepted: Element &amp;lt;div id=&amp;quot;navigiationOpenClosePanel&amp;quot; title=&amp;quot;Show Navigation Panel&amp;quot; class=&amp;quot;openClosePanel linked FL&amp;quot; onclick=&amp;quot;showHideNavigationPanel()&amp;quot; style=&amp;quot;border: 3px solid red;&amp;quot;&amp;gt;...&amp;lt;/div&amp;gt; is not clickable at point (28, 26). Other element would receive the click: &amp;lt;div id=&amp;quot;overlay1&amp;quot; class=&amp;quot;overlay assetViewerOverlayOpacity&amp;quot;&amp;gt;&amp;lt;/div&amp;gt;
  (Session info: chrome=85.0.4183.121)
Build info: version: &amp;apos;3.141.59&amp;apos;, revision: &amp;apos;e82be7d358&amp;apos;, time: &amp;apos;2018-11-14T08:17:03&amp;apos;
System info: host: &amp;apos;PFTBLR-RMZ-021&amp;apos;, ip: &amp;apos;10.1.176.221&amp;apos;, os.name: &amp;apos;Windows 10&amp;apos;, os.arch: &amp;apos;amd64&amp;apos;, os.version: &amp;apos;10.0&amp;apos;, java.version: &amp;apos;12.0.2&amp;apos;
Driver info: org.openqa.selenium.chrome.ChromeDriver
Capabilities {acceptInsecureCerts: false, browserName: chrome, browserVersion: 85.0.4183.121, chrome: {chromedriverVersion: 85.0.4183.87 (cd6713ebf92fa..., userDataDir: D:\automationPULLprojects\C...}, goog:chromeOptions: {debuggerAddress: localhost:58255}, javascriptEnabled: true, networkConnectionEnabled: false, pageLoadStrategy: normal, platform: WINDOWS, platformName: WINDOWS, proxy: Proxy(), setWindowRect: true, strictFileInteractability: false, timeouts: {implicit: 0, pageLoad: 300000, script: 30000}, unhandledPromptBehavior: accept, webauthn:virtualAuthenticators: true}
Session ID: 7afb6e3c4d90e3000134656d4045e527">
      <![CDATA[org.openqa.selenium.ElementClickInterceptedException: element click intercepted: Element <div id="navigiationOpenClosePanel" title="Show Navigation Panel" class="openClosePanel linked FL" onclick="showHideNavigationPanel()" style="border: 3px solid red;">...</div> is not clickable at point (28, 26). Other element would receive the click: <div id="overlay1" class="overlay assetViewerOverlayOpacity"></div>
  (Session info: chrome=85.0.4183.121)
Build info: version: '3.141.59', revision: 'e82be7d358', time: '2018-11-14T08:17:03'
System info: host: 'PFTBLR-RMZ-021', ip: '10.1.176.221', os.name: 'Windows 10', os.arch: 'amd64', os.version: '10.0', java.version: '12.0.2'
Driver info: org.openqa.selenium.chrome.ChromeDriver
Capabilities {acceptInsecureCerts: false, browserName: chrome, browserVersion: 85.0.4183.121, chrome: {chromedriverVersion: 85.0.4183.87 (cd6713ebf92fa..., userDataDir: D:\automationPULLprojects\C...}, goog:chromeOptions: {debuggerAddress: localhost:58255}, javascriptEnabled: true, networkConnectionEnabled: false, pageLoadStrategy: normal, platform: WINDOWS, platformName: WINDOWS, proxy: Proxy(), setWindowRect: true, strictFileInteractability: false, timeouts: {implicit: 0, pageLoad: 300000, script: 30000}, unhandledPromptBehavior: accept, webauthn:virtualAuthenticators: true}
Session ID: 7afb6e3c4d90e3000134656d4045e527
	at org.openqa.selenium.remote.http.W3CHttpResponseCodec.createException(W3CHttpResponseCodec.java:187)
	at org.openqa.selenium.remote.http.W3CHttpResponseCodec.decode(W3CHttpResponseCodec.java:122)
	at org.openqa.selenium.remote.http.W3CHttpResponseCodec.decode(W3CHttpResponseCodec.java:49)
	at org.openqa.selenium.remote.HttpCommandExecutor.execute(HttpCommandExecutor.java:158)
	at org.openqa.selenium.remote.service.DriverCommandExecutor.execute(DriverCommandExecutor.java:83)
	at org.openqa.selenium.remote.RemoteWebDriver.execute(RemoteWebDriver.java:552)
	at org.openqa.selenium.remote.RemoteWebElement.execute(RemoteWebElement.java:285)
	at org.openqa.selenium.remote.RemoteWebElement.click(RemoteWebElement.java:84)
	at org.openqa.selenium.support.pagefactory.internal.LocatingElementHandler.invoke(LocatingElementHandler.java:51)
	at com.sun.proxy.$Proxy17.click(Unknown Source)
	at com.qa.clearpc.utility.SeleniumUtility.Click(SeleniumUtility.java:38)
	at com.qa.clearpc.utility.GenericUtils.checkNavigationPanelStatus(GenericUtils.java:53)
	at com.qa.clearpc.utility.GenericUtils.selectOrganization(GenericUtils.java:68)
	at com.qa.clearpc.AddFolder.AddFolderTest.validateEditFolderFucntionality(AddFolderTest.java:142)
... Removed 34 stack frames]]>
    </failure>
  </testcase> <!-- validateEditFolderFucntionality -->
</testsuite> <!-- AddFolder -->
